Arguments: 
  C:\Program Files\nodejs\node.exe C:\Users\angni\.node\corepack\yarn\1.22.15\bin\yarn.js init

PATH: 
  C:\Program Files (x86)\Common Files\Oracle\Java\javapath;C:\Program Files\Microsoft MPI\Bin\;C:\Program Files\NVIDIA GPU Computing Toolkit\CUDA\v10.2\bin;C:\Program Files\NVIDIA GPU Computing Toolkit\CUDA\v10.2\libnvvp;C:\Users\angni\AppData\Roaming\Python\Python38;C:\Windows\system32;C:\Windows;C:\Windows\System32\Wbem;C:\Windows\System32\WindowsPowerShell\v1.0\;C:\Windows\System32\OpenSSH\;C:\Program Files (x86)\Intel\Intel(R) Management Engine Components\DAL;C:\Program Files\Intel\Intel(R) Management Engine Components\DAL;C:\Program Files (x86)\NVIDIA Corporation\PhysX\Common;C:\Program Files\NVIDIA Corporation\NVIDIA NvDLISR;C:\ProgramData\chocolatey\bin;D:\xampp\php;C:\ProgramData\ComposerSetup\bin;D:\7.1-xampp\php;C:\Program Files\NVIDIA Corporation\Nsight Compute 2019.5.0\;C:\Program Files\Microsoft SQL Server\130\Tools\Binn\;C:\WINDOWS\system32;C:\WINDOWS;C:\WINDOWS\System32\Wbem;C:\WINDOWS\System32\WindowsPowerShell\v1.0\;C:\WINDOWS\System32\OpenSSH\;C:\Users\angni\AppData\Roaming\Python\Python38\Scripts;C:\Program Files\MongoDB\Server\4.4\bin;C:\Program Files\Java\jdk-16\bin;%CATALINA_HOME%\bin;D:\xampp\mysql\bin;C:\Users\angni\AppData\Roaming\nvm;C:\Program Files\nodejs;C:\Program Files\PuTTY\;C:\Program Files\Git\cmd;C:\Users\angni\.cargo\bin;C:\Users\angni\AppData\Local\Programs\Python\Python38;C:\Users\angni\AppData\Local\Programs\Python\Python38\Scripts;C:\Users\angni\AppData\Local\Microsoft\WindowsApps;C:\Users\angni\AppData\Local\Programs\Microsoft VS Code\bin;C:\Users\angni\AppData\Roaming\Composer\vendor\bin;C:\Program Files\JetBrains\PhpStorm 2019.3.1\bin;C:\Program Files (x86)\Graphviz2.38\bin;C:\Users\angni\AppData\Roaming\Microsoft\Windows\Start Menu\Programs\Python 3.8;C:\Users\angni\AppData\Local\Microsoft\WindowsApps;C:\Users\angni\AppData\Roaming\npm;C:\Users\angni\AppData\Local\Programs\Hyper\resources\bin;C:\Users\angni\AppData\Roaming\nvm;C:\Program Files\nodejs;C:\Users\angni\AppData\Local\GitHubDesktop\bin

Yarn version: 
  1.22.15

Node version: 
  16.13.0

Platform: 
  win32 x64

Trace: 
  Error: canceled
      at Interface.<anonymous> (C:\Users\angni\.node\corepack\yarn\1.22.15\lib\cli.js:137145:13)
      at Interface.emit (node:events:390:28)
      at Interface._ttyWrite (node:readline:1081:16)
      at ReadStream.onkeypress (node:readline:288:10)
      at ReadStream.emit (node:events:390:28)
      at emitKeys (node:internal/readline/utils:358:14)
      at emitKeys.next (<anonymous>)
      at ReadStream.onData (node:internal/readline/emitKeypressEvents:61:36)
      at ReadStream.emit (node:events:390:28)
      at addChunk (node:internal/streams/readable:315:12)

npm manifest: 
  No manifest

yarn manifest: 
  No manifest

Lockfile: 
  No lockfile
